{"/home/dmitry/redis-pubsub-rpc/src/client.coffee": {"path":"/home/dmitry/redis-pubsub-rpc/src/client.coffee","statementMap":{"0":{"start":{"line":2,"column":21},"end":{"line":2,"column":166}},"1":{"start":{"line":2,"column":55},"end":{"line":2,"column":164}},"2":{"start":{"line":2,"column":97},"end":{"line":2,"column":162}},"3":{"start":{"line":4,"column":0},"end":{"line":4,"column":25}},"4":{"start":{"line":6,"column":0},"end":{"line":6,"column":42}},"5":{"start":{"line":8,"column":0},"end":{"line":8,"column":40}},"6":{"start":{"line":10,"column":0},"end":{"line":14,"column":2}},"7":{"start":{"line":11,"column":2},"end":{"line":13,"column":5}},"8":{"start":{"line":12,"column":4},"end":{"line":12,"column":29}},"9":{"start":{"line":16,"column":0},"end":{"line":68,"column":2}},"10":{"start":{"line":19,"column":4},"end":{"line":19,"column":12}},"11":{"start":{"line":20,"column":4},"end":{"line":20,"column":37}},"12":{"start":{"line":21,"column":4},"end":{"line":21,"column":29}},"13":{"start":{"line":22,"column":4},"end":{"line":22,"column":27}},"14":{"start":{"line":23,"column":4},"end":{"line":23,"column":59}},"15":{"start":{"line":24,"column":4},"end":{"line":24,"column":78}},"16":{"start":{"line":25,"column":4},"end":{"line":25,"column":48}},"17":{"start":{"line":26,"column":4},"end":{"line":26,"column":48}},"18":{"start":{"line":27,"column":4},"end":{"line":27,"column":25}},"19":{"start":{"line":28,"column":4},"end":{"line":31,"column":7}},"20":{"start":{"line":29,"column":6},"end":{"line":29,"column":36}},"21":{"start":{"line":30,"column":6},"end":{"line":30,"column":65}},"22":{"start":{"line":32,"column":4},"end":{"line":32,"column":94}},"23":{"start":{"line":37,"column":4},"end":{"line":37,"column":24}},"24":{"start":{"line":38,"column":4},"end":{"line":38,"column":16}},"25":{"start":{"line":39,"column":4},"end":{"line":39,"column":23}},"26":{"start":{"line":40,"column":4},"end":{"line":58,"column":28}},"27":{"start":{"line":43,"column":8},"end":{"line":53,"column":11}},"28":{"start":{"line":47,"column":10},"end":{"line":48,"column":25}},"29":{"start":{"line":49,"column":10},"end":{"line":51,"column":11}},"30":{"start":{"line":50,"column":12},"end":{"line":50,"column":33}},"31":{"start":{"line":52,"column":10},"end":{"line":52,"column":33}},"32":{"start":{"line":56,"column":8},"end":{"line":56,"column":47}},"33":{"start":{"line":59,"column":4},"end":{"line":59,"column":140}},"34":{"start":{"line":60,"column":4},"end":{"line":60,"column":19}},"35":{"start":{"line":64,"column":4},"end":{"line":64,"column":35}},"36":{"start":{"line":65,"column":4},"end":{"line":65,"column":71}}},"fnMap":{"0":{"name":"(anonymous_0)","decl":{"start":{"line":2,"column":21},"end":{"line":2,"column":22}},"loc":{"start":{"line":2,"column":53},"end":{"line":2,"column":166}},"line":2},"1":{"name":"(anonymous_1)","decl":{"start":{"line":10,"column":8},"end":{"line":10,"column":9}},"loc":{"start":{"line":10,"column":21},"end":{"line":14,"column":1}},"line":10},"2":{"name":"(anonymous_2)","decl":{"start":{"line":11,"column":21},"end":{"line":11,"column":22}},"loc":{"start":{"line":11,"column":33},"end":{"line":13,"column":3}},"line":11},"3":{"name":"(anonymous_3)","decl":{"start":{"line":17,"column":2},"end":{"line":17,"column":3}},"loc":{"start":{"line":17,"column":38},"end":{"line":33,"column":3}},"line":17},"4":{"name":"(anonymous_4)","decl":{"start":{"line":28,"column":33},"end":{"line":28,"column":34}},"loc":{"start":{"line":28,"column":55},"end":{"line":31,"column":5}},"line":28},"5":{"name":"(anonymous_5)","decl":{"start":{"line":35,"column":2},"end":{"line":35,"column":3}},"loc":{"start":{"line":35,"column":51},"end":{"line":61,"column":3}},"line":35},"6":{"name":"(anonymous_6)","decl":{"start":{"line":41,"column":18},"end":{"line":41,"column":19}},"loc":{"start":{"line":42,"column":17},"end":{"line":54,"column":7}},"line":42},"7":{"name":"(anonymous_7)","decl":{"start":{"line":44,"column":6},"end":{"line":44,"column":7}},"loc":{"start":{"line":44,"column":19},"end":{"line":53,"column":9}},"line":44},"8":{"name":"(anonymous_8)","decl":{"start":{"line":55,"column":39},"end":{"line":55,"column":40}},"loc":{"start":{"line":55,"column":50},"end":{"line":57,"column":7}},"line":55},"9":{"name":"(anonymous_9)","decl":{"start":{"line":63,"column":2},"end":{"line":63,"column":3}},"loc":{"start":{"line":63,"column":9},"end":{"line":66,"column":3}},"line":63}},"branchMap":{"0":{"loc":{"start":{"line":2,"column":55},"end":{"line":2,"column":164}},"type":"if","locations":[{"start":{"line":2,"column":55},"end":{"line":2,"column":164}},{"start":{"line":2,"column":55},"end":{"line":2,"column":164}}],"line":2},"1":{"loc":{"start":{"line":17,"column":24},"end":{"line":17,"column":36}},"type":"default-arg","locations":[{"start":{"line":17,"column":34},"end":{"line":17,"column":36}}],"line":17},"2":{"loc":{"start":{"line":23,"column":4},"end":{"line":23,"column":58}},"type":"binary-expr","locations":[{"start":{"line":23,"column":4},"end":{"line":23,"column":33}},{"start":{"line":23,"column":38},"end":{"line":23,"column":57}}],"line":23},"3":{"loc":{"start":{"line":24,"column":4},"end":{"line":24,"column":77}},"type":"binary-expr","locations":[{"start":{"line":24,"column":4},"end":{"line":24,"column":42}},{"start":{"line":24,"column":47},"end":{"line":24,"column":76}}],"line":24},"4":{"loc":{"start":{"line":35,"column":19},"end":{"line":35,"column":30}},"type":"default-arg","locations":[{"start":{"line":35,"column":28},"end":{"line":35,"column":30}}],"line":35},"5":{"loc":{"start":{"line":35,"column":32},"end":{"line":35,"column":49}},"type":"default-arg","locations":[{"start":{"line":35,"column":43},"end":{"line":35,"column":49}}],"line":35},"6":{"loc":{"start":{"line":49,"column":10},"end":{"line":51,"column":11}},"type":"if","locations":[{"start":{"line":49,"column":10},"end":{"line":51,"column":11}},{"start":{"line":49,"column":10},"end":{"line":51,"column":11}}],"line":49}},"s":{"0":1,"1":2,"2":0,"3":1,"4":1,"5":1,"6":1,"7":2,"8":2,"9":1,"10":2,"11":2,"12":2,"13":2,"14":2,"15":2,"16":2,"17":2,"18":2,"19":2,"20":2,"21":2,"22":2,"23":2,"24":2,"25":2,"26":2,"27":2,"28":2,"29":2,"30":0,"31":2,"32":0,"33":2,"34":2,"35":2,"36":2},"f":{"0":2,"1":2,"2":2,"3":2,"4":2,"5":2,"6":2,"7":2,"8":0,"9":2},"b":{"0":[0,2],"1":[2],"2":[2,2],"3":[2,2],"4":[0],"5":[1],"6":[0,2]},"_coverageSchema":"332fd63041d2c1bcb487cc26dd0d5f7d97098a6c","hash":"7fdc6d7102d8a3a727a06be22e6885169092f514"}
,"/home/dmitry/redis-pubsub-rpc/src/create-redis.coffee": {"path":"/home/dmitry/redis-pubsub-rpc/src/create-redis.coffee","statementMap":{"0":{"start":{"line":3,"column":0},"end":{"line":3,"column":25}},"1":{"start":{"line":5,"column":0},"end":{"line":5,"column":32}},"2":{"start":{"line":7,"column":0},"end":{"line":16,"column":2}},"3":{"start":{"line":9,"column":2},"end":{"line":9,"column":35}},"4":{"start":{"line":10,"column":2},"end":{"line":10,"column":123}},"5":{"start":{"line":11,"column":2},"end":{"line":11,"column":13}},"6":{"start":{"line":12,"column":2},"end":{"line":14,"column":5}},"7":{"start":{"line":13,"column":4},"end":{"line":13,"column":62}},"8":{"start":{"line":15,"column":2},"end":{"line":15,"column":15}}},"fnMap":{"0":{"name":"(anonymous_0)","decl":{"start":{"line":7,"column":17},"end":{"line":7,"column":18}},"loc":{"start":{"line":7,"column":31},"end":{"line":16,"column":1}},"line":7},"1":{"name":"(anonymous_1)","decl":{"start":{"line":12,"column":21},"end":{"line":12,"column":22}},"loc":{"start":{"line":12,"column":36},"end":{"line":14,"column":3}},"line":12}},"branchMap":{},"s":{"0":1,"1":1,"2":1,"3":8,"4":8,"5":8,"6":8,"7":96,"8":8},"f":{"0":8,"1":96},"b":{},"_coverageSchema":"332fd63041d2c1bcb487cc26dd0d5f7d97098a6c","hash":"0a124bff045ac1d6b607cae45d956cd73653404a"}
,"/home/dmitry/redis-pubsub-rpc/src/event-emitter.coffee": {"path":"/home/dmitry/redis-pubsub-rpc/src/event-emitter.coffee","statementMap":{"0":{"start":{"line":3,"column":0},"end":{"line":32,"column":2}},"1":{"start":{"line":5,"column":4},"end":{"line":5,"column":24}},"2":{"start":{"line":10,"column":4},"end":{"line":10,"column":65}},"3":{"start":{"line":11,"column":4},"end":{"line":11,"column":45}},"4":{"start":{"line":12,"column":4},"end":{"line":14,"column":6}},"5":{"start":{"line":13,"column":6},"end":{"line":13,"column":44}},"6":{"start":{"line":19,"column":4},"end":{"line":19,"column":65}},"7":{"start":{"line":20,"column":4},"end":{"line":22,"column":7}},"8":{"start":{"line":21,"column":6},"end":{"line":21,"column":44}},"9":{"start":{"line":27,"column":4},"end":{"line":29,"column":16}},"10":{"start":{"line":28,"column":6},"end":{"line":28,"column":28}}},"fnMap":{"0":{"name":"(anonymous_0)","decl":{"start":{"line":4,"column":2},"end":{"line":4,"column":3}},"loc":{"start":{"line":4,"column":16},"end":{"line":6,"column":3}},"line":4},"1":{"name":"(anonymous_1)","decl":{"start":{"line":8,"column":2},"end":{"line":8,"column":3}},"loc":{"start":{"line":8,"column":27},"end":{"line":15,"column":3}},"line":8},"2":{"name":"(anonymous_2)","decl":{"start":{"line":12,"column":11},"end":{"line":12,"column":12}},"loc":{"start":{"line":12,"column":17},"end":{"line":14,"column":5}},"line":12},"3":{"name":"(anonymous_3)","decl":{"start":{"line":17,"column":2},"end":{"line":17,"column":3}},"loc":{"start":{"line":17,"column":28},"end":{"line":23,"column":3}},"line":17},"4":{"name":"(anonymous_4)","decl":{"start":{"line":20,"column":72},"end":{"line":20,"column":73}},"loc":{"start":{"line":20,"column":100},"end":{"line":22,"column":5}},"line":20},"5":{"name":"(anonymous_5)","decl":{"start":{"line":25,"column":2},"end":{"line":25,"column":3}},"loc":{"start":{"line":25,"column":25},"end":{"line":30,"column":3}},"line":25},"6":{"name":"(anonymous_6)","decl":{"start":{"line":27,"column":67},"end":{"line":27,"column":68}},"loc":{"start":{"line":27,"column":86},"end":{"line":29,"column":5}},"line":27}},"branchMap":{"0":{"loc":{"start":{"line":10,"column":4},"end":{"line":10,"column":64}},"type":"binary-expr","locations":[{"start":{"line":10,"column":4},"end":{"line":10,"column":38}},{"start":{"line":10,"column":43},"end":{"line":10,"column":63}}],"line":10},"1":{"loc":{"start":{"line":19,"column":4},"end":{"line":19,"column":64}},"type":"binary-expr","locations":[{"start":{"line":19,"column":4},"end":{"line":19,"column":38}},{"start":{"line":19,"column":43},"end":{"line":19,"column":63}}],"line":19},"2":{"loc":{"start":{"line":27,"column":11},"end":{"line":29,"column":15}},"type":"cond-expr","locations":[{"start":{"line":27,"column":55},"end":{"line":29,"column":6}},{"start":{"line":29,"column":9},"end":{"line":29,"column":15}}],"line":27}},"s":{"0":1,"1":4,"2":2,"3":2,"4":2,"5":2,"6":2,"7":2,"8":2,"9":2,"10":2},"f":{"0":4,"1":2,"2":2,"3":2,"4":2,"5":2,"6":2},"b":{"0":[2,2],"1":[2,0],"2":[2,0]},"_coverageSchema":"332fd63041d2c1bcb487cc26dd0d5f7d97098a6c","hash":"1d55bf1b8580f3c65ec34a6d4d44ce5d46c63587"}
,"/home/dmitry/redis-pubsub-rpc/src/index.coffee": {"path":"/home/dmitry/redis-pubsub-rpc/src/index.coffee","statementMap":{"0":{"start":{"line":3,"column":0},"end":{"line":3,"column":29}},"1":{"start":{"line":5,"column":0},"end":{"line":5,"column":29}},"2":{"start":{"line":7,"column":0},"end":{"line":7,"column":31}},"3":{"start":{"line":9,"column":0},"end":{"line":9,"column":31}}},"fnMap":{},"branchMap":{},"s":{"0":1,"1":1,"2":1,"3":1},"f":{},"b":{},"_coverageSchema":"332fd63041d2c1bcb487cc26dd0d5f7d97098a6c","hash":"5cee9334d959ef0a18116484152f43f42619f2cf"}
,"/home/dmitry/redis-pubsub-rpc/src/server.coffee": {"path":"/home/dmitry/redis-pubsub-rpc/src/server.coffee","statementMap":{"0":{"start":{"line":3,"column":0},"end":{"line":3,"column":42}},"1":{"start":{"line":5,"column":0},"end":{"line":5,"column":23}},"2":{"start":{"line":7,"column":0},"end":{"line":7,"column":40}},"3":{"start":{"line":9,"column":0},"end":{"line":68,"column":2}},"4":{"start":{"line":12,"column":4},"end":{"line":12,"column":12}},"5":{"start":{"line":13,"column":4},"end":{"line":13,"column":29}},"6":{"start":{"line":14,"column":4},"end":{"line":14,"column":27}},"7":{"start":{"line":15,"column":4},"end":{"line":15,"column":76}},"8":{"start":{"line":16,"column":4},"end":{"line":16,"column":48}},"9":{"start":{"line":17,"column":4},"end":{"line":17,"column":48}},"10":{"start":{"line":18,"column":4},"end":{"line":18,"column":23}},"11":{"start":{"line":19,"column":4},"end":{"line":19,"column":52}},"12":{"start":{"line":20,"column":4},"end":{"line":48,"column":7}},"13":{"start":{"line":22,"column":6},"end":{"line":22,"column":36}},"14":{"start":{"line":23,"column":6},"end":{"line":23,"column":55}},"15":{"start":{"line":24,"column":6},"end":{"line":24,"column":42}},"16":{"start":{"line":25,"column":6},"end":{"line":46,"column":12}},"17":{"start":{"line":26,"column":8},"end":{"line":45,"column":9}},"18":{"start":{"line":27,"column":10},"end":{"line":39,"column":11}},"19":{"start":{"line":28,"column":12},"end":{"line":28,"column":40}},"20":{"start":{"line":29,"column":12},"end":{"line":31,"column":13}},"21":{"start":{"line":30,"column":14},"end":{"line":30,"column":38}},"22":{"start":{"line":32,"column":12},"end":{"line":32,"column":34}},"23":{"start":{"line":34,"column":12},"end":{"line":34,"column":27}},"24":{"start":{"line":35,"column":12},"end":{"line":38,"column":14}},"25":{"start":{"line":41,"column":10},"end":{"line":44,"column":12}},"26":{"start":{"line":47,"column":6},"end":{"line":47,"column":122}},"27":{"start":{"line":49,"column":4},"end":{"line":49,"column":93}},"28":{"start":{"line":53,"column":4},"end":{"line":53,"column":25}},"29":{"start":{"line":57,"column":4},"end":{"line":57,"column":47}},"30":{"start":{"line":61,"column":4},"end":{"line":61,"column":46}},"31":{"start":{"line":65,"column":4},"end":{"line":65,"column":71}}},"fnMap":{"0":{"name":"(anonymous_0)","decl":{"start":{"line":10,"column":2},"end":{"line":10,"column":3}},"loc":{"start":{"line":10,"column":38},"end":{"line":50,"column":3}},"line":10},"1":{"name":"(anonymous_1)","decl":{"start":{"line":20,"column":33},"end":{"line":20,"column":34}},"loc":{"start":{"line":20,"column":60},"end":{"line":48,"column":5}},"line":20},"2":{"name":"(anonymous_2)","decl":{"start":{"line":25,"column":25},"end":{"line":25,"column":26}},"loc":{"start":{"line":25,"column":42},"end":{"line":46,"column":7}},"line":25},"3":{"name":"(anonymous_3)","decl":{"start":{"line":52,"column":2},"end":{"line":52,"column":3}},"loc":{"start":{"line":52,"column":16},"end":{"line":54,"column":3}},"line":52},"4":{"name":"(anonymous_4)","decl":{"start":{"line":56,"column":2},"end":{"line":56,"column":3}},"loc":{"start":{"line":56,"column":34},"end":{"line":58,"column":3}},"line":56},"5":{"name":"(anonymous_5)","decl":{"start":{"line":60,"column":2},"end":{"line":60,"column":3}},"loc":{"start":{"line":60,"column":28},"end":{"line":62,"column":3}},"line":60},"6":{"name":"(anonymous_6)","decl":{"start":{"line":64,"column":2},"end":{"line":64,"column":3}},"loc":{"start":{"line":64,"column":9},"end":{"line":66,"column":3}},"line":64}},"branchMap":{"0":{"loc":{"start":{"line":10,"column":24},"end":{"line":10,"column":36}},"type":"default-arg","locations":[{"start":{"line":10,"column":34},"end":{"line":10,"column":36}}],"line":10},"1":{"loc":{"start":{"line":15,"column":4},"end":{"line":15,"column":75}},"type":"binary-expr","locations":[{"start":{"line":15,"column":4},"end":{"line":15,"column":41}},{"start":{"line":15,"column":46},"end":{"line":15,"column":74}}],"line":15},"2":{"loc":{"start":{"line":19,"column":20},"end":{"line":19,"column":51}},"type":"binary-expr","locations":[{"start":{"line":19,"column":20},"end":{"line":19,"column":41}},{"start":{"line":19,"column":45},"end":{"line":19,"column":51}}],"line":19},"3":{"loc":{"start":{"line":26,"column":8},"end":{"line":45,"column":9}},"type":"if","locations":[{"start":{"line":26,"column":8},"end":{"line":45,"column":9}},{"start":{"line":26,"column":8},"end":{"line":45,"column":9}}],"line":26},"4":{"loc":{"start":{"line":29,"column":12},"end":{"line":31,"column":13}},"type":"if","locations":[{"start":{"line":29,"column":12},"end":{"line":31,"column":13}},{"start":{"line":29,"column":12},"end":{"line":31,"column":13}}],"line":29}},"s":{"0":1,"1":1,"2":1,"3":1,"4":2,"5":2,"6":2,"7":2,"8":2,"9":2,"10":2,"11":2,"12":2,"13":2,"14":2,"15":2,"16":2,"17":2,"18":2,"19":2,"20":2,"21":0,"22":2,"23":0,"24":0,"25":0,"26":2,"27":2,"28":0,"29":2,"30":0,"31":2},"f":{"0":2,"1":2,"2":2,"3":0,"4":2,"5":0,"6":2},"b":{"0":[1],"1":[2,2],"2":[2,1],"3":[2,0],"4":[0,2]},"_coverageSchema":"332fd63041d2c1bcb487cc26dd0d5f7d97098a6c","hash":"c5d33dd66ab92c7adee9d2acf53c1c81531e8e6f"}
}
