TN:
SF:src/client.coffee
FN:2,(anonymous_0)
FN:10,(anonymous_1)
FN:11,(anonymous_2)
FN:17,(anonymous_3)
FN:28,(anonymous_4)
FN:35,(anonymous_5)
FN:41,(anonymous_6)
FN:44,(anonymous_7)
FN:55,(anonymous_8)
FN:63,(anonymous_9)
FNF:10
FNH:9
FNDA:2,(anonymous_0)
FNDA:2,(anonymous_1)
FNDA:2,(anonymous_2)
FNDA:2,(anonymous_3)
FNDA:2,(anonymous_4)
FNDA:2,(anonymous_5)
FNDA:2,(anonymous_6)
FNDA:2,(anonymous_7)
FNDA:0,(anonymous_8)
FNDA:2,(anonymous_9)
DA:2,2
DA:4,1
DA:6,1
DA:8,1
DA:10,1
DA:11,2
DA:12,2
DA:16,1
DA:19,2
DA:20,2
DA:21,2
DA:22,2
DA:23,2
DA:24,2
DA:25,2
DA:26,2
DA:27,2
DA:28,2
DA:29,2
DA:30,2
DA:32,2
DA:37,2
DA:38,2
DA:39,2
DA:40,2
DA:43,2
DA:47,2
DA:49,2
DA:50,0
DA:52,2
DA:56,0
DA:59,2
DA:60,2
DA:64,2
DA:65,2
LF:35
LH:33
BRDA:2,0,0,0
BRDA:2,0,1,2
BRDA:17,1,0,2
BRDA:23,2,0,2
BRDA:23,2,1,2
BRDA:24,3,0,2
BRDA:24,3,1,2
BRDA:35,4,0,0
BRDA:35,5,0,1
BRDA:49,6,0,0
BRDA:49,6,1,2
BRF:11
BRH:8
end_of_record
TN:
SF:src/create-redis.coffee
FN:7,(anonymous_0)
FN:12,(anonymous_1)
FNF:2
FNH:2
FNDA:8,(anonymous_0)
FNDA:96,(anonymous_1)
DA:3,1
DA:5,1
DA:7,1
DA:9,8
DA:10,8
DA:11,8
DA:12,8
DA:13,96
DA:15,8
LF:9
LH:9
BRF:0
BRH:0
end_of_record
TN:
SF:src/event-emitter.coffee
FN:4,(anonymous_0)
FN:8,(anonymous_1)
FN:12,(anonymous_2)
FN:17,(anonymous_3)
FN:20,(anonymous_4)
FN:25,(anonymous_5)
FN:27,(anonymous_6)
FNF:7
FNH:7
FNDA:4,(anonymous_0)
FNDA:2,(anonymous_1)
FNDA:2,(anonymous_2)
FNDA:2,(anonymous_3)
FNDA:2,(anonymous_4)
FNDA:2,(anonymous_5)
FNDA:2,(anonymous_6)
DA:3,1
DA:5,4
DA:10,2
DA:11,2
DA:12,2
DA:13,2
DA:19,2
DA:20,2
DA:21,2
DA:27,2
DA:28,2
LF:11
LH:11
BRDA:10,0,0,2
BRDA:10,0,1,2
BRDA:19,1,0,2
BRDA:19,1,1,0
BRDA:27,2,0,2
BRDA:27,2,1,0
BRF:6
BRH:4
end_of_record
TN:
SF:src/index.coffee
FNF:0
FNH:0
DA:3,1
DA:5,1
DA:7,1
DA:9,1
LF:4
LH:4
BRF:0
BRH:0
end_of_record
TN:
SF:src/server.coffee
FN:10,(anonymous_0)
FN:20,(anonymous_1)
FN:25,(anonymous_2)
FN:52,(anonymous_3)
FN:56,(anonymous_4)
FN:60,(anonymous_5)
FN:64,(anonymous_6)
FNF:7
FNH:5
FNDA:2,(anonymous_0)
FNDA:2,(anonymous_1)
FNDA:2,(anonymous_2)
FNDA:0,(anonymous_3)
FNDA:2,(anonymous_4)
FNDA:0,(anonymous_5)
FNDA:2,(anonymous_6)
DA:3,1
DA:5,1
DA:7,1
DA:9,1
DA:12,2
DA:13,2
DA:14,2
DA:15,2
DA:16,2
DA:17,2
DA:18,2
DA:19,2
DA:20,2
DA:22,2
DA:23,2
DA:24,2
DA:25,2
DA:26,2
DA:27,2
DA:28,2
DA:29,2
DA:30,0
DA:32,2
DA:34,0
DA:35,0
DA:41,0
DA:47,2
DA:49,2
DA:53,0
DA:57,2
DA:61,0
DA:65,2
LF:32
LH:26
BRDA:10,0,0,1
BRDA:15,1,0,2
BRDA:15,1,1,2
BRDA:19,2,0,2
BRDA:19,2,1,1
BRDA:26,3,0,2
BRDA:26,3,1,0
BRDA:29,4,0,0
BRDA:29,4,1,2
BRF:9
BRH:7
end_of_record
